1536071940254	geckodriver	INFO	geckodriver 0.21.0
1536071940265	geckodriver	INFO	Listening on 127.0.0.1:55595
1536071943365	mozrunner::runner	INFO	Running command: "C:\\Program Files\\Mozilla Firefox\\firefox.exe" "-marionette" "-foreground" "-no-remote" "-profile" "C:\\Users\\saoedson\\AppData\\Local\\Temp\\rust_mozprofile.6yvZbSwHisgR"
Unable to read VR Path Registry from C:\Users\saoedson\AppData\Local\openvr\openvrpaths.vrpath
Unable to read VR Path Registry from C:\Users\saoedson\AppData\Local\openvr\openvrpaths.vrpath
Unable to read VR Path Registry from C:\Users\saoedson\AppData\Local\openvr\openvrpaths.vrpath
Unable to read VR Path Registry from C:\Users\saoedson\AppData\Local\openvr\openvrpaths.vrpath
Unable to read VR Path Registry from C:\Users\saoedson\AppData\Local\openvr\openvrpaths.vrpath
1536071947333	Marionette	INFO	Listening on port 55603
1536071947735	Marionette	WARN	TLS certificate errors will be ignored for this session
[Parent 6228, Gecko_IOThread] WARNING: pipe error: 109: file z:/build/build/src/ipc/chromium/src/chrome/common/ipc_channel_win.cc, line 346
[Child 13044, Chrome_ChildThread] WARNING: pipe error: 109: file z:/build/build/src/ipc/chromium/src/chrome/common/ipc_channel_win.cc, line 346
[Child 13044, Chrome_ChildThread] WARNING: pipe error: 109: file z:/build/build/src/ipc/chromium/src/chrome/common/ipc_channel_win.cc, line 346
[Parent 6228, Gecko_IOThread] WARNING: pipe error: 109: file z:/build/build/src/ipc/chromium/src/chrome/common/ipc_channel_win.cc, line 346
[Child 3008, Chrome_ChildThread] WARNING: pipe error: 109: file z:/build/build/src/ipc/chromium/src/chrome/common/ipc_channel_win.cc, line 346
[Child 3008, Chrome_ChildThread][GPU 14704, Chrome_Ch
###!!! [Child][MessageChannel::SendAndWait] Error: Channel error: cannot send/recv

.vrpath
Unable to read VR Path Registry from C:\Users\saoedson\AppData\Local\openvr\openvrpaths.vrpath
[Parent 9576, Gecko_IOThread] WARNING: pipe error: 109: file z:/build/build/src/ipc/chromium/src/chrome/common/ipc_channel_win.cc, line 346
[Parent 9576, Gecko_IOThread] WARNING: pipe error: 109: file z:/build/build/src/ipc/chromium/src/chrome/common/ipc_channel_win.cc, line 346
[Child 6568, Chrome_ChildThread] WARNING: pipe error: 109: file z:/build/build/src/ipc/chromium/src/chrome/common/ipc_channel_win.cc, line 346
[Child 6568, Chrome_ChildThread] WARNING: pipe error: 109: file z:/build[Child 1872, Chrome_ChildThread] WARNING: pipe error: 109: file z:/build/build/src/ipc/chromium/src/chrome/common/ipc_channel_win.cc, line 346
[Child 1872, Chrome_ChildThre[Parent 9576, Gecko_IOThread] WARNING: pipe error: 109: file z:/build/build/src/ipc/chromium/src/chrome/common/ipc_channel_win.cc, line 346
[Child 3684, Chrome_ChildThread] WARNING: pipe error: 109: file z:/build/build/src/ipc/chromium/src/chrome/common/ipc_channel_win.cc, line 346
[Child 3684, Chrom*** UTM:SVC TimerManager:registerTimer called after profile-before-change notification. Ignoring timer registration for id: telemetry_modules_ping
[GPU 6424
###!!! [Child][MessageChannel::SendAndWait] Error: Channel error: cannot send/recv

1536077065585	geckodriver	INFO	geckodriver 0.21.0
1536077065596	geckodriver	INFO	Listening on 127.0.0.1:56112
1536077068795	mozrunner::runner	INFO	Running command: "C:\\Program Files\\Mozilla Firefox\\firefox.exe" "-marionette" "-foreground" "-no-remote" "-profile" "C:\\Users\\saoedson\\AppData\\Local\\Temp\\rust_mozprofile.lTIZ9JEXERb7"
Unable to read VR Path Registry from C:\Users\saoedson\AppData\Local\openvr\openvrpaths.vrpath
Unable to read VR Path Registry from C:\Users\saoedson\AppData\Local\openvr\openvrpaths.vrpath
Unable to read VR Path Registry from C:\Users\saoedson\AppData\Local\openvr\openvrpaths.vrpath
Unable to read VR Path Registry from C:\Users\saoedson\AppData\Local\openvr\openvrpaths.vrpath
Unable to read VR Path Registry from C:\Users\saoedson\AppData\Local\openvr\openvrpaths.vrpath
1536077073741	Marionette	INFO	Listening on port 56120
1536077073750	Marionette	WARN	TLS certificate errors will be ignored for this session
[Child 15000, Chrome_ChildThread] WARNING: pipe error: 109: file z:/build/build/src/ipc/chromium/src/chrome/common/ipc_channel_win.cc, line 346
[P[Childa 15000, Chrome_ChildThread] WARNING: piper eerront 16112, Gecko_IOThread] WARNING: pipe error: 109: file z:/build/build/src/ipc/chromium/src/chrome/common/ipc_channel_win.cc, line 346
[Child 6224, Chrome_ChildThread] WARNING: pipe error: 109: file z:/build/build/src/ipc/chromium/src/chrome/common/ipc_channel_win.cc, line 346
[Child 6224, Chrom[Parent 16112, Gecko_IOThread] WARNING: pipe error: 109: file z:/build/build/src/ipc/chromium/src/chrome/common/ipc_channel_win.cc, line 346
[Child 1048, Chrome_ChildThread] WARNING: pipe error: 109: file z:/build/build/src/ipc/chromium/src/chrome/common/ipc_channel_win.cc, line 346
[Child [GPU 14524, Ch
###!!! [Child][MessageChannel::SendAndWait] Error: Channel error: cannot send/recv

tte	WARN	TLS certificate errors will be ignored for this session
1536077337193	addons.xpi	WARN	Exception running bootstrap method shutdown on activity-stream@mozilla.org: [Exception... "Component returned failure code: 0x80004005 (NS_ERROR_FAILURE) [nsIObserverService.removeObserver]"  nsresult: "0x80004005 (NS_ERROR_FAILURE)"  location: "JS frame :: resource://activity-stream/lib/TelemetryFeed.jsm :: uninit :: line 493"  data: no] Stack trace: uninit()@resource://activity-stream/lib/TelemetryFeed.jsm:493
onAction()@resource://activity-stream/lib/TelemetryFeed.jsm:451
_middleware/</<()@resource://activity-stream/lib/Store.jsm:51
Store/this[method]()@resource://activity-stream/lib/Store.jsm:29
uninit()@resource://activity-stream/lib/Store.jsm:170
uninit()@resource://activity-stream/lib/ActivityStream.jsm:318
uninit()@resource://gre/modules/addons/XPIProvider.jsm -> jar:file:///C:/Program%20Files/Mozilla%20Firefox/browser/features/activity-stream@mozilla.org.xpi!/bootstrap.js:79
shutdown()@resource://gre/modules/addons/XPIProvider.jsm -> jar:file:///C:/Program%20Files/Mozilla%20Firefox/browser/features/activity-stream@mozilla.org.xpi!/bootstrap.js:187
callBootstrapMethod()@resource://gre/modules/addons/XPIProvider.jsm:2757
observe()@resource://gre/modules/addons/XPIProvider.jsm:1672
[Child 2732, Chrome_ChildThread] WARNING: pipe error: 109: file z:/build/build/src/ipc/chromium/src/chrome/common/ipc_channel_win.cc, line 346
[Child 2732[Parent 8516, Gecko_IOThread] WARNING: pipe error: 109: file z:/build/build/src/ipc/chromium/src/chrome/common/ipc_channel_win.cc, line 346
JavaScript error: resource://gre/modules/JSONFile.jsm, line 159: Error: Data is not ready.

###!!! [Parent][DispatchAsyncMessage] Error: PBackgroundIDBFactory::Msg_PBackgroundIDBFactoryRequestConstructor Value error: message was deserialized, but contained an illegal value


###!!! [Parent][DispatchAsyncMessage] Error: PBackgroundIDBFactory::Msg_PBackgroundIDBFactoryRequestConstructor Value error: message was deserialized, but contained an illegal value

*** UTM:SVC TimerManager:registerTimer called after profile-before-change notification. Ignoring timer registration for id: telemetry_modules_ping
[GPU 9404, 
###!!! [Child][MessageChannel::SendAndWait] Error: Channel error: cannot send/recv

1536077428732	geckodriver	INFO	geckodriver 0.21.0
1536077428744	geckodriver	INFO	Listening on 127.0.0.1:56199
1536077431781	mozrunner::runner	INFO	Running command: "C:\\Program Files\\Mozilla Firefox\\firefox.exe" "-marionette" "-foreground" "-no-remote" "-profile" "C:\\Users\\saoedson\\AppData\\Local\\Temp\\rust_mozprofile.7awNuUSJL0c0"
Unable to read VR Path Registry from C:\Users\saoedson\AppData\Local\openvr\openvrpaths.vrpath
Unable to read VR Path Registry from C:\Users\saoedson\AppData\Local\openvr\openvrpaths.vrpath
Unable to read VR Path Registry from C:\Users\saoedson\AppData\Local\openvr\openvrpaths.vrpath
Unable to read VR Path Registry from C:\Users\saoedson\AppData\Local\openvr\openvrpaths.vrpath
Unable to read VR Path Registry from C:\Users\saoedson\AppData\Local\openvr\openvrpaths.vrpath
1536077435918	Marionette	INFO	Listening on port 56207
1536077436500	Marionette	WARN	TLS certificate errors will be ignored for this session
[Child 12676, Chrome_ChildThread] WARNING: pipe error: 109: file z:/build/bui[Parent 4060, Gecko_IOThread] WARNING: pipe error: l1d/src/ipc/chromium/src/chrome/common/ipc_channel_win.cc, line 3460
9: file z:/build/build/src/ipc/chromium/src/chrome/common/ipc_channel_win.cc, line 346
[Child 10124, Chrome_ChildThread] WARNING: pipe error: 109: file z:/build/build/src/ipc/chromium/src/chrome/common/ipc_channel_win.cc, line 346
[Child 10[Parent 4060, Gecko_IOThread] WARNING: pipe error: 109: file z:/build/build/src/ipc/chromium/src/chrome/common/ipc_channel_win.cc, line 346
[Child 5352, Chrome_ChildThread] WARNING: pipe error: 109: file z:/build/build/src/ipc/chromium/src/chrome/common/ipc_channel_win.cc, line 346
[Child 53[GPU 11848, Ch
###!!! [Child][MessageChannel::SendAndWait] Error: Channel error: cannot send/recv

rionette	INFO	Listening on port 56245
1536077546396	Marionette	WARN	TLS certificate errors will be ignored for this session
[Parent 9064, Gecko_IOThread] WARNING: pipe error: 109: file z:/build/build/src/ipc/chromium/src/chrome/common/ipc_channel_win.cc, line 346
[Child 2628, Chrome_ChildThread] WARNING: pipe error: 109: file z:/build/build/src/ipc/chromium/src/chrome/common/ipc_channel_win.cc, line 346
[Child 2[Child 8836, Chrome_ChildThread] WARNING: pipe error: 109: file z:/build/build/src/ipc/chromium/src/chrome/common/ipc_channel_win.cc, line 346
[Child 88[Parent 9064, Gecko_IOThread] WARNING: pipe error: 109: file z:/build/build/src/ipc/chromium/src/chrome/common/ipc_channel_win.cc, line 346
[Child 15716, Chrome_ChildThread] WARNING: pipe error: 109: file z:/build/build/src/ipc/chromium/src/chrome/common/ipc_channel_win.cc, line 346
[Child 15*** UTM:SVC TimerManager:registerTimer called after profile-before-change notification. Ignoring timer registration for id: telemetry_modules_ping
[GPU 12844, Ch
###!!! [Child][MessageChannel::SendAndWait] Error: Channel error: cannot send/recv

